003 Code/telemedicine_app/build/app/intermediates/manifest_merge_blame_file/release/manifest-merger-blame-release-report.txt
1<?xml version="1.0" encoding="utf-8"?>
2<manifest xmlns:android="http://schemas.android.com/apk/res/android"
3    package="com.hanbat.telemedicine_app"
4    android:versionCode="4001"
5    android:versionName="1.0.0" >
6
7    <uses-sdk
8        android:minSdkVersion="31"
8-->src/main/AndroidManifest.xml
9        android:targetSdkVersion="32" />
9-->src/main/AndroidManifest.xml
10    //
11    <uses-permission android:name="android.permission.CAMERA" />
11-->src/main/AndroidManifest.xml:3:7-66
11-->src/main/AndroidManifest.xml:3:24-64
12
13    <queries>
13-->[:flutter_inappwebview] AndroidManifest.xml:7:5-11:15
14        <intent>
14-->[:flutter_inappwebview] AndroidManifest.xml:8:9-10:18
15            <action android:name="android.support.customtabs.action.CustomTabsService" />
15-->[:flutter_inappwebview] AndroidManifest.xml:9:13-90
15-->[:flutter_inappwebview] AndroidManifest.xml:9:21-87
16        </intent>
17
18        <package android:name="com.kakao.talk" />
18-->[:kakao_flutter_sdk_common] AndroidManifest.xml:8:9-50
18-->[:kakao_flutter_sdk_common] AndroidManifest.xml:8:18-47
19        <package android:name="com.kakao.onetalk" />
19-->[:kakao_flutter_sdk_common] AndroidManifest.xml:9:9-53
19-->[:kakao_flutter_sdk_common] AndroidManifest.xml:9:18-50
20        <package android:name="com.locnall.KimGiSa" />
20-->[:kakao_flutter_sdk_common] AndroidManifest.xml:10:9-55
20-->[:kakao_flutter_sdk_common] AndroidManifest.xml:10:18-52
21        <package android:name="com.lguplus.navi" />
21-->[:kakao_flutter_sdk_common] AndroidManifest.xml:11:9-52
21-->[:kakao_flutter_sdk_common] AndroidManifest.xml:11:18-49
22
23        <intent>
23-->[:kakao_flutter_sdk_common] AndroidManifest.xml:13:9-19:18
24            <action android:name="android.intent.action.VIEW" />
24-->src/main/AndroidManifest.xml:22:16-68
24-->src/main/AndroidManifest.xml:22:24-65
25
26            <category android:name="android.intent.category.BROWSABLE" />
26-->src/main/AndroidManifest.xml:24:16-77
26-->src/main/AndroidManifest.xml:24:26-74
27
28            <data android:scheme="https" />
28-->src/main/AndroidManifest.xml:27:16-99
28-->src/main/AndroidManifest.xml:27:22-76
29        </intent> <!-- 네이버앱 : 로그인, 스킴로그인 -->
30        <package android:name="com.nhn.android.search" />
30-->[com.navercorp.nid:oauth:5.2.0] AndroidManifest.xml:16:9-58
30-->[com.navercorp.nid:oauth:5.2.0] AndroidManifest.xml:16:18-55
31        <package android:name="com.android.chrome" />
31-->[com.navercorp.nid:oauth:5.2.0] AndroidManifest.xml:22:9-54
31-->[com.navercorp.nid:oauth:5.2.0] AndroidManifest.xml:22:18-51
32    </queries>
33
34    <uses-permission android:name="android.permission.INTERNET" />
34-->[:flutter_naver_login] AndroidManifest.xml:7:5-67
34-->[:flutter_naver_login] AndroidManifest.xml:7:22-64
35    <uses-permission android:name="android.permission.ACCESS_NETWORK_STATE" />
35-->[:flutter_naver_login] AndroidManifest.xml:8:5-79
35-->[:flutter_naver_login] AndroidManifest.xml:8:22-76
36    <uses-permission android:name="android.permission.WAKE_LOCK" />
36-->[com.google.android.gms:play-services-measurement-api:21.2.0] AndroidManifest.xml:24:5-68
36-->[com.google.android.gms:play-services-measurement-api:21.2.0] AndroidManifest.xml:24:22-65
37    <uses-permission android:name="com.google.android.gms.permission.AD_ID" />
37-->[com.google.android.gms:play-services-measurement-api:21.2.0] AndroidManifest.xml:25:5-79
37-->[com.google.android.gms:play-services-measurement-api:21.2.0] AndroidManifest.xml:25:22-76
38    <uses-permission android:name="com.google.android.finsky.permission.BIND_GET_INSTALL_REFERRER_SERVICE" />
38-->[com.google.android.gms:play-services-measurement:21.2.0] AndroidManifest.xml:26:5-110
38-->[com.google.android.gms:play-services-measurement:21.2.0] AndroidManifest.xml:26:22-107
39
40    <application
40-->src/main/AndroidManifest.xml:4:4-62:19
41        android:appComponentFactory="androidx.core.app.CoreComponentFactory"
41-->[androidx.core:core:1.8.0] AndroidManifest.xml:24:18-86
42        android:extractNativeLibs="false"
43        android:icon="@mipmap/ic_launcher"
43-->src/main/AndroidManifest.xml:6:9-43
44        android:label="COPE" >
44-->src/main/AndroidManifest.xml:5:9-29
45        <meta-data
45-->src/main/AndroidManifest.xml:8:8-10:48
46            android:name="com.naver.sdk.clientId"
46-->src/main/AndroidManifest.xml:9:12-49
47            android:value="@string/client_id" />
47-->src/main/AndroidManifest.xml:10:12-45
48        <meta-data
48-->src/main/AndroidManifest.xml:11:8-13:52
49            android:name="com.naver.sdk.clientSecret"
49-->src/main/AndroidManifest.xml:12:12-53
50            android:value="@string/client_secret" />
50-->src/main/AndroidManifest.xml:13:12-49
51        <meta-data
51-->src/main/AndroidManifest.xml:14:8-16:50
52            android:name="com.naver.sdk.clientName"
52-->src/main/AndroidManifest.xml:15:12-51
53            android:value="@string/client_name" />
53-->src/main/AndroidManifest.xml:16:12-47
54
55        <activity
55-->src/main/AndroidManifest.xml:18:8-29:19
56            android:name="com.kakao.sdk.flutter.AuthCodeCustomTabsActivity"
56-->src/main/AndroidManifest.xml:19:12-75
57            android:exported="true"
57-->src/main/AndroidManifest.xml:20:12-35
58            android:launchMode="singleTask"
58-->[:kakao_flutter_sdk_common] AndroidManifest.xml:32:13-44
59            android:theme="@style/TransparentCompat" >
59-->[:kakao_flutter_sdk_common] AndroidManifest.xml:33:13-53
60            <intent-filter android:label="flutter_web_auth" >
60-->src/main/AndroidManifest.xml:21:12-28:28
60-->src/main/AndroidManifest.xml:21:27-59
61                <action android:name="android.intent.action.VIEW" />
61-->src/main/AndroidManifest.xml:22:16-68
61-->src/main/AndroidManifest.xml:22:24-65
62
63                <category android:name="android.intent.category.DEFAULT" />
63-->src/main/AndroidManifest.xml:23:16-75
63-->src/main/AndroidManifest.xml:23:26-72
64                <category android:name="android.intent.category.BROWSABLE" />
64-->src/main/AndroidManifest.xml:24:16-77
64-->src/main/AndroidManifest.xml:24:26-74
65
66                <!-- Redirect URI, "kakao${YOUR_NATIVE_APP_KEY}://oauth" 형식 -->
67                <data
67-->src/main/AndroidManifest.xml:27:16-99
68                    android:host="oauth"
68-->src/main/AndroidManifest.xml:27:77-97
69                    android:scheme="kakaode39f6175fa46cda780c2ec5d7061c8b" />
69-->src/main/AndroidManifest.xml:27:22-76
70            </intent-filter>
71        </activity>
72        <activity
72-->src/main/AndroidManifest.xml:31:9-56:20
73            android:name="com.hanbat.telemedicine_app.MainActivity"
73-->src/main/AndroidManifest.xml:32:13-41
74            android:configChanges="orientation|keyboardHidden|keyboard|screenSize|smallestScreenSize|locale|layoutDirection|fontScale|screenLayout|density|uiMode"
74-->src/main/AndroidManifest.xml:35:13-163
75            android:exported="true"
75-->src/main/AndroidManifest.xml:37:13-36
76            android:hardwareAccelerated="false"
76-->src/main/AndroidManifest.xml:36:13-48
77            android:launchMode="singleTop"
77-->src/main/AndroidManifest.xml:33:13-43
78            android:theme="@style/LaunchTheme"
78-->src/main/AndroidManifest.xml:34:13-47
79            android:windowSoftInputMode="adjustResize" >
79-->src/main/AndroidManifest.xml:38:13-55
80
81            <!--
82                 Specifies an Android theme to apply to this Activity as soon as
83                 the Android process has started. This theme is visible to the user
84                 while the Flutter UI initializes. After that, this theme continues
85                 to determine the Window background behind the Flutter UI.
86            -->
87            <meta-data
87-->src/main/AndroidManifest.xml:43:13-46:17
88                android:name="io.flutter.embedding.android.NormalTheme"
88-->src/main/AndroidManifest.xml:44:15-70
89                android:resource="@style/NormalTheme" />
89-->src/main/AndroidManifest.xml:45:15-52
90            <!--
91                 Displays an Android View that continues showing the launch screen
92                 Drawable until Flutter paints its first frame, then this splash
93                 screen fades out. A splash screen is useful to avoid any visual
94                 gap between the end of Android's launch screen and the painting of
95                 Flutter's first frame.
96            -->
97            <intent-filter>
97-->src/main/AndroidManifest.xml:52:13-55:29
98                <action android:name="android.intent.action.MAIN" />
98-->src/main/AndroidManifest.xml:53:17-68
98-->src/main/AndroidManifest.xml:53:25-66
99
100                <category android:name="android.intent.category.LAUNCHER" />
100-->src/main/AndroidManifest.xml:54:17-76
100-->src/main/AndroidManifest.xml:54:27-74
101            </intent-filter>
102        </activity>
103        <!--
104             Don't delete the meta-data below.
105             This is used by the Flutter tool to generate GeneratedPluginRegistrant.java
106        -->
107        <meta-data
107-->src/main/AndroidManifest.xml:59:9-61:33
108            android:name="flutterEmbedding"
108-->src/main/AndroidManifest.xml:60:13-44
109            android:value="2" />
109-->src/main/AndroidManifest.xml:61:13-30
110
111        <service
111-->[:firebase_auth] AndroidManifest.xml:8:9-12:19
112            android:name="com.google.firebase.components.ComponentDiscoveryService"
112-->[:firebase_auth] AndroidManifest.xml:8:18-89
113            android:directBootAware="true"
113-->[com.google.firebase:firebase-common:20.2.0] AndroidManifest.xml:34:13-43
114            android:exported="false" >
114-->[com.google.firebase:firebase-auth:21.1.0] AndroidManifest.xml:66:13-37
115            <meta-data
115-->[:firebase_auth] AndroidManifest.xml:9:13-11:85
116                android:name="com.google.firebase.components:io.flutter.plugins.firebase.auth.FlutterFirebaseAuthRegistrar"
116-->[:firebase_auth] AndroidManifest.xml:10:17-124
117                android:value="com.google.firebase.components.ComponentRegistrar" />
117-->[:firebase_auth] AndroidManifest.xml:11:17-82
118            <meta-data
118-->[:cloud_firestore] AndroidManifest.xml:9:13-11:85
119                android:name="com.google.firebase.components:io.flutter.plugins.firebase.firestore.FlutterFirebaseFirestoreRegistrar"
119-->[:cloud_firestore] AndroidManifest.xml:10:17-134
120                android:value="com.google.firebase.components.ComponentRegistrar" />
120-->[:cloud_firestore] AndroidManifest.xml:11:17-82
121            <meta-data
121-->[:firebase_core] AndroidManifest.xml:9:13-11:85
122                android:name="com.google.firebase.components:io.flutter.plugins.firebase.core.FlutterFirebaseCoreRegistrar"
122-->[:firebase_core] AndroidManifest.xml:10:17-124
123                android:value="com.google.firebase.components.ComponentRegistrar" />
123-->[:firebase_core] AndroidManifest.xml:11:17-82
124            <meta-data
124-->[com.google.firebase:firebase-auth:21.1.0] AndroidManifest.xml:67:13-69:85
125                android:name="com.google.firebase.components:com.google.firebase.auth.FirebaseAuthRegistrar"
125-->[com.google.firebase:firebase-auth:21.1.0] AndroidManifest.xml:68:17-109
126                android:value="com.google.firebase.components.ComponentRegistrar" />
126-->[com.google.firebase:firebase-auth:21.1.0] AndroidManifest.xml:69:17-82
127            <meta-data
127-->[com.google.firebase:firebase-firestore:24.4.0] AndroidManifest.xml:19:13-21:85
128                android:name="com.google.firebase.components:com.google.firebase.firestore.FirestoreRegistrar"
128-->[com.google.firebase:firebase-firestore:24.4.0] AndroidManifest.xml:20:17-111
129                android:value="com.google.firebase.components.ComponentRegistrar" />
129-->[com.google.firebase:firebase-firestore:24.4.0] AndroidManifest.xml:21:17-82
130            <meta-data
130-->[com.google.android.gms:play-services-measurement-api:21.2.0] AndroidManifest.xml:31:13-33:85
131                android:name="com.google.firebase.components:com.google.firebase.analytics.connector.internal.AnalyticsConnectorRegistrar"
131-->[com.google.android.gms:play-services-measurement-api:21.2.0] AndroidManifest.xml:32:17-139
132                android:value="com.google.firebase.components.ComponentRegistrar" />
132-->[com.google.android.gms:play-services-measurement-api:21.2.0] AndroidManifest.xml:33:17-82
133            <meta-data
133-->[com.google.firebase:firebase-installations:17.1.0] AndroidManifest.xml:17:13-19:85
134                android:name="com.google.firebase.components:com.google.firebase.installations.FirebaseInstallationsRegistrar"
134-->[com.google.firebase:firebase-installations:17.1.0] AndroidManifest.xml:18:17-127
135                android:value="com.google.firebase.components.ComponentRegistrar" />
135-->[com.google.firebase:firebase-installations:17.1.0] AndroidManifest.xml:19:17-82
136        </service>
137
138        <activity
138-->[:flutter_inappwebview] AndroidManifest.xml:14:9-18:47
139            android:name="com.pichillilorenzo.flutter_inappwebview.in_app_browser.InAppBrowserActivity"
139-->[:flutter_inappwebview] AndroidManifest.xml:15:13-104
140            android:configChanges="orientation|keyboardHidden|keyboard|screenSize|locale|layoutDirection|fontScale|screenLayout|density"
140-->[:flutter_inappwebview] AndroidManifest.xml:16:13-137
141            android:exported="false"
141-->[:flutter_inappwebview] AndroidManifest.xml:17:13-37
142            android:theme="@style/AppTheme" />
142-->[:flutter_inappwebview] AndroidManifest.xml:18:13-44
143        <activity
143-->[:flutter_inappwebview] AndroidManifest.xml:19:9-22:55
144            android:name="com.pichillilorenzo.flutter_inappwebview.chrome_custom_tabs.ChromeCustomTabsActivity"
144-->[:flutter_inappwebview] AndroidManifest.xml:20:13-112
145            android:exported="false"
145-->[:flutter_inappwebview] AndroidManifest.xml:21:13-37
146            android:theme="@style/ThemeTransparent" />
146-->[:flutter_inappwebview] AndroidManifest.xml:22:13-52
147        <activity
147-->[:flutter_inappwebview] AndroidManifest.xml:23:9-26:55
148            android:name="com.pichillilorenzo.flutter_inappwebview.chrome_custom_tabs.TrustedWebActivity"
148-->[:flutter_inappwebview] AndroidManifest.xml:24:13-106
149            android:exported="false"
149-->[:flutter_inappwebview] AndroidManifest.xml:25:13-37
150            android:theme="@style/ThemeTransparent" />
150-->[:flutter_inappwebview] AndroidManifest.xml:26:13-52
151        <activity
151-->[:flutter_inappwebview] AndroidManifest.xml:27:9-31:55
152            android:name="com.pichillilorenzo.flutter_inappwebview.chrome_custom_tabs.ChromeCustomTabsActivitySingleInstance"
152-->[:flutter_inappwebview] AndroidManifest.xml:28:13-126
153            android:exported="false"
153-->[:flutter_inappwebview] AndroidManifest.xml:29:13-37
154            android:launchMode="singleInstance"
154-->[:flutter_inappwebview] AndroidManifest.xml:30:13-48
155            android:theme="@style/ThemeTransparent" />
155-->[:flutter_inappwebview] AndroidManifest.xml:31:13-52
156        <activity
156-->[:flutter_inappwebview] AndroidManifest.xml:32:9-36:55
157            android:name="com.pichillilorenzo.flutter_inappwebview.chrome_custom_tabs.TrustedWebActivitySingleInstance"
157-->[:flutter_inappwebview] AndroidManifest.xml:33:13-120
158            android:exported="false"
158-->[:flutter_inappwebview] AndroidManifest.xml:34:13-37
159            android:launchMode="singleInstance"
159-->[:flutter_inappwebview] AndroidManifest.xml:35:13-48
160            android:theme="@style/ThemeTransparent" />
160-->[:flutter_inappwebview] AndroidManifest.xml:36:13-52
161
162        <receiver
162-->[:flutter_inappwebview] AndroidManifest.xml:38:9-41:40
163            android:name="com.pichillilorenzo.flutter_inappwebview.chrome_custom_tabs.ActionBroadcastReceiver"
163-->[:flutter_inappwebview] AndroidManifest.xml:39:13-111
164            android:enabled="true"
164-->[:flutter_inappwebview] AndroidManifest.xml:40:13-35
165            android:exported="false" />
165-->[:flutter_inappwebview] AndroidManifest.xml:41:13-37
166
167        <meta-data
167-->[:flutter_inappwebview] AndroidManifest.xml:43:9-45:36
168            android:name="io.flutter.embedded_views_preview"
168-->[:flutter_inappwebview] AndroidManifest.xml:44:13-61
169            android:value="true" />
169-->[:flutter_inappwebview] AndroidManifest.xml:45:13-33
170
171        <activity
171-->[:kakao_flutter_sdk_common] AndroidManifest.xml:23:9-28:56
172            android:name="com.kakao.sdk.flutter.TalkAuthCodeActivity"
172-->[:kakao_flutter_sdk_common] AndroidManifest.xml:24:13-70
173            android:configChanges="orientation|screenSize|keyboardHidden"
173-->[:kakao_flutter_sdk_common] AndroidManifest.xml:25:13-74
174            android:exported="false"
174-->[:kakao_flutter_sdk_common] AndroidManifest.xml:26:13-37
175            android:launchMode="singleTask"
175-->[:kakao_flutter_sdk_common] AndroidManifest.xml:27:13-44
176            android:theme="@style/TransparentCompat" />
176-->[:kakao_flutter_sdk_common] AndroidManifest.xml:28:13-53
177        <activity
177-->[:url_launcher_android] AndroidManifest.xml:8:9-11:74
178            android:name="io.flutter.plugins.urllauncher.WebViewActivity"
178-->[:url_launcher_android] AndroidManifest.xml:9:13-74
179            android:exported="false"
179-->[:url_launcher_android] AndroidManifest.xml:10:13-37
180            android:theme="@android:style/Theme.NoTitleBar.Fullscreen" /> <!-- <activity -->
180-->[:url_launcher_android] AndroidManifest.xml:11:13-71
181        <!-- android:name="com.nhn.android.naverlogin.ui.OAuthLoginActivity" -->
182        <!-- android:configChanges="orientation|screenSize" -->
183        <!-- android:theme="@style/Theme.AppCompat.Light.Dialog" /> -->
184        <activity
184-->[com.navercorp.nid:oauth:5.2.0] AndroidManifest.xml:32:9-35:78
185            android:name="com.navercorp.nid.oauth.NidOAuthBridgeActivity"
185-->[com.navercorp.nid:oauth:5.2.0] AndroidManifest.xml:33:13-74
186            android:configChanges="orientation|screenSize"
186-->[com.navercorp.nid:oauth:5.2.0] AndroidManifest.xml:34:13-59
187            android:theme="@style/Theme.AppCompat.Transparent.NoActionBar" />
187-->[com.navercorp.nid:oauth:5.2.0] AndroidManifest.xml:35:13-75
188        <activity
188-->[com.navercorp.nid:oauth:5.2.0] AndroidManifest.xml:36:9-41:78
189            android:name="com.navercorp.nid.oauth.activity.NidOAuthWebViewActivity"
189-->[com.navercorp.nid:oauth:5.2.0] AndroidManifest.xml:37:13-84
190            android:configChanges="orientation|screenSize"
190-->[com.navercorp.nid:oauth:5.2.0] AndroidManifest.xml:38:13-59
191            android:label="OAuth2.0 by WebView"
191-->[com.navercorp.nid:oauth:5.2.0] AndroidManifest.xml:39:13-48
192            android:screenOrientation="behind"
192-->[com.navercorp.nid:oauth:5.2.0] AndroidManifest.xml:40:13-47
193            android:theme="@style/Theme.AppCompat.Transparent.NoActionBar" />
193-->[com.navercorp.nid:oauth:5.2.0] AndroidManifest.xml:41:13-75
194        <activity
194-->[com.navercorp.nid:oauth:5.2.0] AndroidManifest.xml:42:9-61:20
195            android:name="com.navercorp.nid.oauth.activity.NidOAuthCustomTabActivity"
195-->[com.navercorp.nid:oauth:5.2.0] AndroidManifest.xml:43:13-86
196            android:configChanges="orientation|screenSize"
196-->[com.navercorp.nid:oauth:5.2.0] AndroidManifest.xml:44:13-59
197            android:exported="true"
197-->[com.navercorp.nid:oauth:5.2.0] AndroidManifest.xml:45:13-36
198            android:label="OAuth2.0 by Custom tabs"
198-->[com.navercorp.nid:oauth:5.2.0] AndroidManifest.xml:46:13-52
199            android:launchMode="singleTask"
199-->[com.navercorp.nid:oauth:5.2.0] AndroidManifest.xml:47:13-44
200            android:screenOrientation="behind"
200-->[com.navercorp.nid:oauth:5.2.0] AndroidManifest.xml:48:13-47
201            android:theme="@style/Theme.AppCompat.NoActionBar" >
201-->[com.navercorp.nid:oauth:5.2.0] AndroidManifest.xml:49:13-63
202            <intent-filter>
202-->[com.navercorp.nid:oauth:5.2.0] AndroidManifest.xml:50:13-60:29
203                <action android:name="android.intent.action.VIEW" />
203-->src/main/AndroidManifest.xml:22:16-68
203-->src/main/AndroidManifest.xml:22:24-65
204
205                <category android:name="android.intent.category.DEFAULT" />
205-->src/main/AndroidManifest.xml:23:16-75
205-->src/main/AndroidManifest.xml:23:26-72
206                <category android:name="android.intent.category.BROWSABLE" />
206-->src/main/AndroidManifest.xml:24:16-77
206-->src/main/AndroidManifest.xml:24:26-74
207                <!-- Intent URL 에서 로그인 액티비티를 실행하기 위해 설정 -->
208                <data
208-->src/main/AndroidManifest.xml:27:16-99
209                    android:host="authorize"
209-->src/main/AndroidManifest.xml:27:77-97
210                    android:path="/"
211                    android:scheme="naver3rdpartylogin" />
211-->src/main/AndroidManifest.xml:27:22-76
212            </intent-filter>
213        </activity>
214
215        <uses-library
215-->[androidx.window:window:1.0.0-beta04] AndroidManifest.xml:25:9-27:40
216            android:name="androidx.window.extensions"
216-->[androidx.window:window:1.0.0-beta04] AndroidManifest.xml:26:13-54
217            android:required="false" />
217-->[androidx.window:window:1.0.0-beta04] AndroidManifest.xml:27:13-37
218        <uses-library
218-->[androidx.window:window:1.0.0-beta04] AndroidManifest.xml:28:9-30:40
219            android:name="androidx.window.sidecar"
219-->[androidx.window:window:1.0.0-beta04] AndroidManifest.xml:29:13-51
220            android:required="false" />
220-->[androidx.window:window:1.0.0-beta04] AndroidManifest.xml:30:13-37
221
222        <activity
222-->[com.google.firebase:firebase-auth:21.1.0] AndroidManifest.xml:27:9-44:20
223            android:name="com.google.firebase.auth.internal.GenericIdpActivity"
223-->[com.google.firebase:firebase-auth:21.1.0] AndroidManifest.xml:28:13-80
224            android:excludeFromRecents="true"
224-->[com.google.firebase:firebase-auth:21.1.0] AndroidManifest.xml:29:13-46
225            android:exported="true"
225-->[com.google.firebase:firebase-auth:21.1.0] AndroidManifest.xml:30:13-36
226            android:launchMode="singleTask"
226-->[com.google.firebase:firebase-auth:21.1.0] AndroidManifest.xml:31:13-44
227            android:theme="@android:style/Theme.Translucent.NoTitleBar" >
227-->[com.google.firebase:firebase-auth:21.1.0] AndroidManifest.xml:32:13-72
228            <intent-filter>
228-->[com.google.firebase:firebase-auth:21.1.0] AndroidManifest.xml:33:13-43:29
229                <action android:name="android.intent.action.VIEW" />
229-->src/main/AndroidManifest.xml:22:16-68
229-->src/main/AndroidManifest.xml:22:24-65
230
231                <category android:name="android.intent.category.DEFAULT" />
231-->src/main/AndroidManifest.xml:23:16-75
231-->src/main/AndroidManifest.xml:23:26-72
232                <category android:name="android.intent.category.BROWSABLE" />
232-->src/main/AndroidManifest.xml:24:16-77
232-->src/main/AndroidManifest.xml:24:26-74
233
234                <data
234-->src/main/AndroidManifest.xml:27:16-99
235                    android:host="firebase.auth"
235-->src/main/AndroidManifest.xml:27:77-97
236                    android:path="/"
237                    android:scheme="genericidp" />
237-->src/main/AndroidManifest.xml:27:22-76
238            </intent-filter>
239        </activity>
240        <activity
240-->[com.google.firebase:firebase-auth:21.1.0] AndroidManifest.xml:45:9-62:20
241            android:name="com.google.firebase.auth.internal.RecaptchaActivity"
241-->[com.google.firebase:firebase-auth:21.1.0] AndroidManifest.xml:46:13-79
242            android:excludeFromRecents="true"
242-->[com.google.firebase:firebase-auth:21.1.0] AndroidManifest.xml:47:13-46
243            android:exported="true"
243-->[com.google.firebase:firebase-auth:21.1.0] AndroidManifest.xml:48:13-36
244            android:launchMode="singleTask"
244-->[com.google.firebase:firebase-auth:21.1.0] AndroidManifest.xml:49:13-44
245            android:theme="@android:style/Theme.Translucent.NoTitleBar" >
245-->[com.google.firebase:firebase-auth:21.1.0] AndroidManifest.xml:50:13-72
246            <intent-filter>
246-->[com.google.firebase:firebase-auth:21.1.0] AndroidManifest.xml:51:13-61:29
247                <action android:name="android.intent.action.VIEW" />
247-->src/main/AndroidManifest.xml:22:16-68
247-->src/main/AndroidManifest.xml:22:24-65
248
249                <category android:name="android.intent.category.DEFAULT" />
249-->src/main/AndroidManifest.xml:23:16-75
249-->src/main/AndroidManifest.xml:23:26-72
250                <category android:name="android.intent.category.BROWSABLE" />
250-->src/main/AndroidManifest.xml:24:16-77
250-->src/main/AndroidManifest.xml:24:26-74
251
252                <data
252-->src/main/AndroidManifest.xml:27:16-99
253                    android:host="firebase.auth"
253-->src/main/AndroidManifest.xml:27:77-97
254                    android:path="/"
255                    android:scheme="recaptcha" />
255-->src/main/AndroidManifest.xml:27:22-76
256            </intent-filter>
257        </activity>
258        <activity
258-->[com.google.android.gms:play-services-auth:20.4.0] AndroidManifest.xml:23:9-27:75
259            android:name="com.google.android.gms.auth.api.signin.internal.SignInHubActivity"
259-->[com.google.android.gms:play-services-auth:20.4.0] AndroidManifest.xml:24:13-93
260            android:excludeFromRecents="true"
260-->[com.google.android.gms:play-services-auth:20.4.0] AndroidManifest.xml:25:13-46
261            android:exported="false"
261-->[com.google.android.gms:play-services-auth:20.4.0] AndroidManifest.xml:26:13-37
262            android:theme="@android:style/Theme.Translucent.NoTitleBar" />
262-->[com.google.android.gms:play-services-auth:20.4.0] AndroidManifest.xml:27:13-72
263        <!--
264            Service handling Google Sign-In user revocation. For apps that do not integrate with
265            Google Sign-In, this service will never be started.
266        -->
267        <service
267-->[com.google.android.gms:play-services-auth:20.4.0] AndroidManifest.xml:33:9-37:51
268            android:name="com.google.android.gms.auth.api.signin.RevocationBoundService"
268-->[com.google.android.gms:play-services-auth:20.4.0] AndroidManifest.xml:34:13-89
269            android:exported="true"
269-->[com.google.android.gms:play-services-auth:20.4.0] AndroidManifest.xml:35:13-36
270            android:permission="com.google.android.gms.auth.api.signin.permission.REVOCATION_NOTIFICATION"
270-->[com.google.android.gms:play-services-auth:20.4.0] AndroidManifest.xml:36:13-107
271            android:visibleToInstantApps="true" />
271-->[com.google.android.gms:play-services-auth:20.4.0] AndroidManifest.xml:37:13-48
272
273        <provider
273-->[com.google.firebase:firebase-common:20.2.0] AndroidManifest.xml:25:9-30:39
274            android:name="com.google.firebase.provider.FirebaseInitProvider"
274-->[com.google.firebase:firebase-common:20.2.0] AndroidManifest.xml:26:13-77
275            android:authorities="com.hanbat.telemedicine_app.firebaseinitprovider"
275-->[com.google.firebase:firebase-common:20.2.0] AndroidManifest.xml:27:13-72
276            android:directBootAware="true"
276-->[com.google.firebase:firebase-common:20.2.0] AndroidManifest.xml:28:13-43
277            android:exported="false"
277-->[com.google.firebase:firebase-common:20.2.0] AndroidManifest.xml:29:13-37
278            android:initOrder="100" />
278-->[com.google.firebase:firebase-common:20.2.0] AndroidManifest.xml:30:13-36
279
280        <receiver
280-->[com.google.android.gms:play-services-measurement:21.2.0] AndroidManifest.xml:29:9-33:20
281            android:name="com.google.android.gms.measurement.AppMeasurementReceiver"
281-->[com.google.android.gms:play-services-measurement:21.2.0] AndroidManifest.xml:30:13-85
282            android:enabled="true"
282-->[com.google.android.gms:play-services-measurement:21.2.0] AndroidManifest.xml:31:13-35
283            android:exported="false" >
283-->[com.google.android.gms:play-services-measurement:21.2.0] AndroidManifest.xml:32:13-37
284        </receiver>
285
286        <service
286-->[com.google.android.gms:play-services-measurement:21.2.0] AndroidManifest.xml:35:9-38:40
287            android:name="com.google.android.gms.measurement.AppMeasurementService"
287-->[com.google.android.gms:play-services-measurement:21.2.0] AndroidManifest.xml:36:13-84
288            android:enabled="true"
288-->[com.google.android.gms:play-services-measurement:21.2.0] AndroidManifest.xml:37:13-35
289            android:exported="false" />
289-->[com.google.android.gms:play-services-measurement:21.2.0] AndroidManifest.xml:38:13-37
290        <service
290-->[com.google.android.gms:play-services-measurement:21.2.0] AndroidManifest.xml:39:9-43:72
291            android:name="com.google.android.gms.measurement.AppMeasurementJobService"
291-->[com.google.android.gms:play-services-measurement:21.2.0] AndroidManifest.xml:40:13-87
292            android:enabled="true"
292-->[com.google.android.gms:play-services-measurement:21.2.0] AndroidManifest.xml:41:13-35
293            android:exported="false"
293-->[com.google.android.gms:play-services-measurement:21.2.0] AndroidManifest.xml:42:13-37
294            android:permission="android.permission.BIND_JOB_SERVICE" />
294-->[com.google.android.gms:play-services-measurement:21.2.0] AndroidManifest.xml:43:13-69
295
296        <activity
296-->[com.google.android.gms:play-services-base:18.0.1] AndroidManifest.xml:20:9-22:45